# JRE version: OpenJDK Runtime Environment (8.0_152-b01) (build 1.8.0_152-release-1024-b01)
# Java VM: OpenJDK 64-Bit Server VM (25.152-b01 mixed mode linux-amd64 compressed oops)
Heap:
 PSYoungGen      total 206336K, used 14844K [0x00000000e0000000, 0x00000000eed80000, 0x0000000100000000)
  eden space 191488K, 0% used [0x00000000e0000000,0x00000000e0000000,0x00000000ebb00000)
  from space 14848K, 99% used [0x00000000ed080000,0x00000000edeff190,0x00000000edf00000)
  to   space 12800K, 0% used [0x00000000ee100000,0x00000000ee100000,0x00000000eed80000)
 ParOldGen       total 78336K, used 34381K [0x00000000a0000000, 0x00000000a4c80000, 0x00000000e0000000)
  object space 78336K, 43% used [0x00000000a0000000,0x00000000a21934d0,0x00000000a4c80000)
 Metaspace       used 54415K, capacity 55940K, committed 56152K, reserved 1097728K
  class space    used 7401K, capacity 7737K, committed 7808K, reserved 1048576K
GC Heap History (10 events):
Event: 32.159 GC heap after
Heap after GC invocations=6 (full 1):
 PSYoungGen      total 68608K, used 0K [0x00000000e0000000, 0x00000000e9000000, 0x0000000100000000)
  eden space 63488K, 0% used [0x00000000e0000000,0x00000000e0000000,0x00000000e3e00000)
  from space 5120K, 0% used [0x00000000e3e00000,0x00000000e3e00000,0x00000000e4300000)
  to   space 10240K, 0% used [0x00000000e8600000,0x00000000e8600000,0x00000000e9000000)
 ParOldGen       total 49152K, used 8267K [0x00000000a0000000, 0x00000000a3000000, 0x00000000e0000000)
  object space 49152K, 16% used [0x00000000a0000000,0x00000000a0812f80,0x00000000a3000000)
 Metaspace       used 20778K, capacity 21096K, committed 21248K, reserved 1067008K
  class space    used 2897K, capacity 3016K, committed 3072K, reserved 1048576K
}
Event: 34.182 GC heap before
{Heap before GC invocations=7 (full 1):
 PSYoungGen      total 68608K, used 63488K [0x00000000e0000000, 0x00000000e9000000, 0x0000000100000000)
  eden space 63488K, 100% used [0x00000000e0000000,0x00000000e3e00000,0x00000000e3e00000)
  from space 5120K, 0% used [0x00000000e3e00000,0x00000000e3e00000,0x00000000e4300000)
  to   space 10240K, 0% used [0x00000000e8600000,0x00000000e8600000,0x00000000e9000000)
 ParOldGen       total 49152K, used 8267K [0x00000000a0000000, 0x00000000a3000000, 0x00000000e0000000)
  object space 49152K, 16% used [0x00000000a0000000,0x00000000a0812f80,0x00000000a3000000)
 Metaspace       used 26235K, capacity 26568K, committed 26880K, reserved 1073152K
  class space    used 3616K, capacity 3743K, committed 3840K, reserved 1048576K
Event: 34.220 GC heap after
Heap after GC invocations=7 (full 1):
 PSYoungGen      total 125440K, used 6798K [0x00000000e0000000, 0x00000000e8d00000, 0x0000000100000000)
  eden space 118272K, 0% used [0x00000000e0000000,0x00000000e0000000,0x00000000e7380000)
  from space 7168K, 94% used [0x00000000e8600000,0x00000000e8ca3b60,0x00000000e8d00000)
  to   space 9728K, 0% used [0x00000000e7a00000,0x00000000e7a00000,0x00000000e8380000)
 ParOldGen       total 49152K, used 8267K [0x00000000a0000000, 0x00000000a3000000, 0x00000000e0000000)
  object space 49152K, 16% used [0x00000000a0000000,0x00000000a0812f80,0x00000000a3000000)
 Metaspace       used 26235K, capacity 26568K, committed 26880K, reserved 1073152K
  class space    used 3616K, capacity 3743K, committed 3840K, reserved 1048576K
}
Event: 37.268 GC heap before
{Heap before GC invocations=8 (full 1):
 PSYoungGen      total 125440K, used 98498K [0x00000000e0000000, 0x00000000e8d00000, 0x0000000100000000)
  eden space 118272K, 77% used [0x00000000e0000000,0x00000000e598cdf0,0x00000000e7380000)
  from space 7168K, 94% used [0x00000000e8600000,0x00000000e8ca3b60,0x00000000e8d00000)
  to   space 9728K, 0% used [0x00000000e7a00000,0x00000000e7a00000,0x00000000e8380000)
 ParOldGen       total 49152K, used 8267K [0x00000000a0000000, 0x00000000a3000000, 0x00000000e0000000)
  object space 49152K, 16% used [0x00000000a0000000,0x00000000a0812f80,0x00000000a3000000)
 Metaspace       used 34822K, capacity 35298K, committed 35416K, reserved 1079296K
  class space    used 4778K, capacity 4951K, committed 4992K, reserved 1048576K
Event: 37.291 GC heap after
Heap after GC invocations=8 (full 1):
 PSYoungGen      total 134656K, used 9717K [0x00000000e0000000, 0x00000000eed80000, 0x0000000100000000)
  eden space 124928K, 0% used [0x00000000e0000000,0x00000000e0000000,0x00000000e7a00000)
  from space 9728K, 99% used [0x00000000e7a00000,0x00000000e837d698,0x00000000e8380000)
  to   space 12800K, 0% used [0x00000000ee100000,0x00000000ee100000,0x00000000eed80000)
 ParOldGen       total 49152K, used 11604K [0x00000000a0000000, 0x00000000a3000000, 0x00000000e0000000)
  object space 49152K, 23% used [0x00000000a0000000,0x00000000a0b55298,0x00000000a3000000)
 Metaspace       used 34822K, capacity 35298K, committed 35416K, reserved 1079296K
  class space    used 4778K, capacity 4951K, committed 4992K, reserved 1048576K
}
Event: 37.291 GC heap before
{Heap before GC invocations=9 (full 2):
 PSYoungGen      total 134656K, used 9717K [0x00000000e0000000, 0x00000000eed80000, 0x0000000100000000)
  eden space 124928K, 0% used [0x00000000e0000000,0x00000000e0000000,0x00000000e7a00000)
  from space 9728K, 99% used [0x00000000e7a00000,0x00000000e837d698,0x00000000e8380000)
  to   space 12800K, 0% used [0x00000000ee100000,0x00000000ee100000,0x00000000eed80000)
 ParOldGen       total 49152K, used 11604K [0x00000000a0000000, 0x00000000a3000000, 0x00000000e0000000)
  object space 49152K, 23% used [0x00000000a0000000,0x00000000a0b55298,0x00000000a3000000)
 Metaspace       used 34822K, capacity 35298K, committed 35416K, reserved 1079296K
  class space    used 4778K, capacity 4951K, committed 4992K, reserved 1048576K
Event: 37.446 GC heap after
Heap after GC invocations=9 (full 2):
 PSYoungGen      total 134656K, used 0K [0x00000000e0000000, 0x00000000eed80000, 0x0000000100000000)
  eden space 124928K, 0% used [0x00000000e0000000,0x00000000e0000000,0x00000000e7a00000)
  from space 9728K, 0% used [0x00000000e7a00000,0x00000000e7a00000,0x00000000e8380000)
  to   space 12800K, 0% used [0x00000000ee100000,0x00000000ee100000,0x00000000eed80000)
 ParOldGen       total 78336K, used 19452K [0x00000000a0000000, 0x00000000a4c80000, 0x00000000e0000000)
  object space 78336K, 24% used [0x00000000a0000000,0x00000000a12ff138,0x00000000a4c80000)
 Metaspace       used 34822K, capacity 35298K, committed 35416K, reserved 1079296K
  class space    used 4778K, capacity 4951K, committed 4992K, reserved 1048576K
}
Event: 39.150 GC heap before
{Heap before GC invocations=10 (full 2):
 PSYoungGen      total 134656K, used 124928K [0x00000000e0000000, 0x00000000eed80000, 0x0000000100000000)
  eden space 124928K, 100% used [0x00000000e0000000,0x00000000e7a00000,0x00000000e7a00000)
  from space 9728K, 0% used [0x00000000e7a00000,0x00000000e7a00000,0x00000000e8380000)
  to   space 12800K, 0% used [0x00000000ee100000,0x00000000ee100000,0x00000000eed80000)
 ParOldGen       total 78336K, used 19452K [0x00000000a0000000, 0x00000000a4c80000, 0x00000000e0000000)
  object space 78336K, 24% used [0x00000000a0000000,0x00000000a12ff138,0x00000000a4c80000)
 Metaspace       used 42459K, capacity 43180K, committed 43480K, reserved 1087488K
  class space    used 5873K, capacity 6119K, committed 6144K, reserved 1048576K
Event: 39.193 GC heap after
Heap after GC invocations=10 (full 2):
 PSYoungGen      total 204288K, used 12787K [0x00000000e0000000, 0x00000000eed80000, 0x0000000100000000)
  eden space 191488K, 0% used [0x00000000e0000000,0x00000000e0000000,0x00000000ebb00000)
  from space 12800K, 99% used [0x00000000ee100000,0x00000000eed7cc68,0x00000000eed80000)
  to   space 14848K, 0% used [0x00000000ed080000,0x00000000ed080000,0x00000000edf00000)
 ParOldGen       total 78336K, used 20154K [0x00000000a0000000, 0x00000000a4c80000, 0x00000000e0000000)
  object space 78336K, 25% used [0x00000000a0000000,0x00000000a13aeba0,0x00000000a4c80000)
 Metaspace       used 42459K, capacity 43180K, committed 43480K, reserved 1087488K
  class space    used 5873K, capacity 6119K, committed 6144K, reserved 1048576K
}
Event: 43.411 GC heap before
{Heap before GC invocations=11 (full 2):
 PSYoungGen      total 204288K, used 204275K [0x00000000e0000000, 0x00000000eed80000, 0x0000000100000000)
  eden space 191488K, 100% used [0x00000000e0000000,0x00000000ebb00000,0x00000000ebb00000)
  from space 12800K, 99% used [0x00000000ee100000,0x00000000eed7cc68,0x00000000eed80000)
  to   space 14848K, 0% used [0x00000000ed080000,0x00000000ed080000,0x00000000edf00000)
 ParOldGen       total 78336K, used 20154K [0x00000000a0000000, 0x00000000a4c80000, 0x00000000e0000000)
  object space 78336K, 25% used [0x00000000a0000000,0x00000000a13aeba0,0x00000000a4c80000)
 Metaspace       used 54415K, capacity 55940K, committed 56152K, reserved 1097728K
  class space    used 7401K, capacity 7737K, committed 7808K, reserved 1048576K

